[
  {
    "level": "INFO",
    "message": "android.ndkVersion from module build.gradle is [21.4.7075529]",
    "diagnosticCode": "UNKNOWN"
  },
  {
    "level": "INFO",
    "message": "android.ndkPath from module build.gradle is not set",
    "diagnosticCode": "UNKNOWN"
  },
  {
    "level": "INFO",
    "message": "ndk.dir in local.properties is D:\\AndroidStudioLocalData\\sdk\\ndk\\23.1.7779620",
    "diagnosticCode": "UNKNOWN"
  },
  {
    "level": "INFO",
    "message": "Not considering ANDROID_NDK_HOME because support was removed after deprecation period.",
    "diagnosticCode": "UNKNOWN"
  },
  {
    "level": "INFO",
    "message": "sdkFolder is D:\\AndroidStudioLocalData\\sdk",
    "diagnosticCode": "UNKNOWN"
  },
  {
    "level": "ERROR",
    "message": "NDK from ndk.dir at D:\\AndroidStudioLocalData\\sdk\\ndk\\23.1.7779620 had version [23.1.7779620] which disagrees with android.ndkVersion [21.4.7075529]",
    "diagnosticCode": "UNKNOWN"
  }
]