[
  {
    "level": "INFO",
    "message": "android.ndkVersion from module build.gradle is [not set]",
    "diagnosticCode": "UNKNOWN"
  },
  {
    "level": "INFO",
    "message": "android.ndkPath from module build.gradle is not set",
    "diagnosticCode": "UNKNOWN"
  },
  {
    "level": "INFO",
    "message": "ndk.dir in local.properties is D:\\ndk\\25.0.8775105",
    "diagnosticCode": "UNKNOWN"
  },
  {
    "level": "INFO",
    "message": "Not considering ANDROID_NDK_HOME because support was removed after deprecation period.",
    "diagnosticCode": "UNKNOWN"
  },
  {
    "level": "INFO",
    "message": "sdkFolder is D:\\AndroidStudioLocalData",
    "diagnosticCode": "UNKNOWN"
  },
  {
    "level": "INFO",
    "message": "NDK side-by-side folder from sdkFolder D:\\AndroidStudioLocalData\\ndk does not exist",
    "diagnosticCode": "UNKNOWN"
  },
  {
    "level": "INFO",
    "message": "Because no explicit NDK was requested, the default version [21.4.7075529] for this Android Gradle Plugin will be used",
    "diagnosticCode": "UNKNOWN"
  },
  {
    "level": "INFO",
    "message": "Folder D:\\ndk\\25.0.8775105 does not exist. Ignoring.",
    "diagnosticCode": "UNKNOWN"
  },
  {
    "level": "ERROR",
    "message": "Location specified by ndk.dir (D:\\ndk\\25.0.8775105) did not contain a valid NDK and couldn\u0027t be used",
    "diagnosticCode": "UNKNOWN"
  }
]